<?xml version="1.0" encoding="UTF-8"?>
<testng-results skipped="0" failed="0" total="2" passed="2">
  <reporter-output>
  </reporter-output>
  <suite name="Default suite" duration-ms="24329" started-at="2020-09-29T08:55:59Z" finished-at="2020-09-29T08:56:23Z">
    <groups>
    </groups>
    <test name="Default test" duration-ms="24329" started-at="2020-09-29T08:55:59Z" finished-at="2020-09-29T08:56:23Z">
      <class name="Academy.HomePage">
        <test-method status="PASS" signature="basePageNavigation(java.lang.String, java.lang.String)[pri:0, instance:Academy.HomePage@1e4cb85]" name="basePageNavigation" duration-ms="13778" started-at="2020-09-29T14:25:59Z" data-provider="getData" finished-at="2020-09-29T14:26:13Z">
          <params>
            <param index="0">
              <value>
                <![CDATA[vkrabc123@gmail.com]]>
              </value>
            </param>
            <param index="1">
              <value>
                <![CDATA[vikash@123]]>
              </value>
            </param>
          </params>
          <reporter-output>
          </reporter-output>
        </test-method> <!-- basePageNavigation -->
        <test-method status="PASS" signature="basePageNavigation(java.lang.String, java.lang.String)[pri:0, instance:Academy.HomePage@1e4cb85]" name="basePageNavigation" duration-ms="10509" started-at="2020-09-29T14:26:13Z" data-provider="getData" finished-at="2020-09-29T14:26:23Z">
          <params>
            <param index="0">
              <value>
                <![CDATA[vkrabc.com]]>
              </value>
            </param>
            <param index="1">
              <value>
                <![CDATA[vikash]]>
              </value>
            </param>
          </params>
          <reporter-output>
          </reporter-output>
        </test-method> <!-- basePageNavigation -->
      </class> <!-- Academy.HomePage -->
    </test> <!-- Default test -->
  </suite> <!-- Default suite -->
</testng-results>
